<?xml version="1.0" encoding="UTF-8"?>
<testng-results skipped="0" failed="0" ignored="0" total="2" passed="2">
  <reporter-output>
  </reporter-output>
  <suite name="testingauto.Tests" duration-ms="69046" started-at="2019-03-21T11:07:10Z" finished-at="2019-03-21T11:08:19Z">
    <groups>
    </groups>
    <test name="Command line test" duration-ms="69046" started-at="2019-03-21T11:07:10Z" finished-at="2019-03-21T11:08:19Z">
      <class name="testingauto.Tests">
        <test-method status="PASS" signature="setUp()[pri:0, instance:testingauto.Tests@3cda1055]" name="setUp" is-config="true" duration-ms="29409" started-at="2019-03-21T11:07:10Z" finished-at="2019-03-21T11:07:40Z">
          <reporter-output>
          </reporter-output>
        </test-method> <!-- setUp -->
        <test-method status="PASS" signature="pruebaDos()[pri:0, instance:testingauto.Tests@3cda1055]" name="pruebaDos" duration-ms="16650" started-at="2019-03-21T11:07:40Z" finished-at="2019-03-21T11:07:56Z">
          <reporter-output>
          </reporter-output>
        </test-method> <!-- pruebaDos -->
        <test-method status="PASS" signature="tearDown()[pri:0, instance:testingauto.Tests@3cda1055]" name="tearDown" is-config="true" duration-ms="178" started-at="2019-03-21T11:07:56Z" finished-at="2019-03-21T11:07:56Z">
          <reporter-output>
          </reporter-output>
        </test-method> <!-- tearDown -->
        <test-method status="PASS" signature="setUp()[pri:0, instance:testingauto.Tests@3cda1055]" name="setUp" is-config="true" duration-ms="16337" started-at="2019-03-21T11:07:56Z" finished-at="2019-03-21T11:08:13Z">
          <reporter-output>
          </reporter-output>
        </test-method> <!-- setUp -->
        <test-method status="PASS" signature="pruebaUno()[pri:0, instance:testingauto.Tests@3cda1055]" name="pruebaUno" duration-ms="6066" started-at="2019-03-21T11:08:13Z" finished-at="2019-03-21T11:08:19Z">
          <reporter-output>
          </reporter-output>
        </test-method> <!-- pruebaUno -->
        <test-method status="PASS" signature="tearDown()[pri:0, instance:testingauto.Tests@3cda1055]" name="tearDown" is-config="true" duration-ms="345" started-at="2019-03-21T11:08:19Z" finished-at="2019-03-21T11:08:19Z">
          <reporter-output>
          </reporter-output>
        </test-method> <!-- tearDown -->
      </class> <!-- testingauto.Tests -->
    </test> <!-- Command line test -->
  </suite> <!-- testingauto.Tests -->
</testng-results>
