<?xml version="1.0" encoding="UTF-8"?>
<testng-results skipped="0" failed="0" ignored="0" total="2" passed="2">
  <reporter-output>
  </reporter-output>
  <suite name="testingauto.Tests" duration-ms="84663" started-at="2019-04-05T06:17:28Z" finished-at="2019-04-05T06:18:52Z">
    <groups>
    </groups>
    <test name="Command line test" duration-ms="84663" started-at="2019-04-05T06:17:28Z" finished-at="2019-04-05T06:18:52Z">
      <class name="testingauto.Tests">
        <test-method status="PASS" signature="setUp()[pri:0, instance:testingauto.Tests@1324409e]" name="setUp" is-config="true" duration-ms="52335" started-at="2019-04-05T06:17:28Z" finished-at="2019-04-05T06:18:20Z">
          <reporter-output>
          </reporter-output>
        </test-method> <!-- setUp -->
        <test-method status="PASS" signature="compareTwoFlights()[pri:0, instance:testingauto.Tests@1324409e]" name="compareTwoFlights" duration-ms="13053" started-at="2019-04-05T06:18:20Z" finished-at="2019-04-05T06:18:33Z">
          <reporter-output>
          </reporter-output>
        </test-method> <!-- compareTwoFlights -->
        <test-method status="PASS" signature="tearDown(org.testng.ITestResult)[pri:0, instance:testingauto.Tests@1324409e]" name="tearDown" is-config="true" duration-ms="704" started-at="2019-04-05T06:18:33Z" finished-at="2019-04-05T06:18:34Z">
          <params>
            <param index="0">
              <value>
                <![CDATA[[TestResult name=compareTwoFlights status=SUCCESS method=Tests.compareTwoFlights()[pri:0, instance:testingauto.Tests@1324409e] output={null}]]]>
              </value>
            </param>
          </params>
          <reporter-output>
          </reporter-output>
        </test-method> <!-- tearDown -->
        <test-method status="PASS" signature="setUp()[pri:0, instance:testingauto.Tests@1324409e]" name="setUp" is-config="true" duration-ms="10810" started-at="2019-04-05T06:18:34Z" finished-at="2019-04-05T06:18:45Z">
          <reporter-output>
          </reporter-output>
        </test-method> <!-- setUp -->
        <test-method status="PASS" signature="reserveDefaultFlight()[pri:0, instance:testingauto.Tests@1324409e]" name="reserveDefaultFlight" duration-ms="7040" started-at="2019-04-05T06:18:45Z" finished-at="2019-04-05T06:18:52Z">
          <reporter-output>
          </reporter-output>
        </test-method> <!-- reserveDefaultFlight -->
        <test-method status="PASS" signature="tearDown(org.testng.ITestResult)[pri:0, instance:testingauto.Tests@1324409e]" name="tearDown" is-config="true" duration-ms="558" started-at="2019-04-05T06:18:52Z" finished-at="2019-04-05T06:18:52Z">
          <params>
            <param index="0">
              <value>
                <![CDATA[[TestResult name=reserveDefaultFlight status=SUCCESS method=Tests.reserveDefaultFlight()[pri:0, instance:testingauto.Tests@1324409e] output={null}]]]>
              </value>
            </param>
          </params>
          <reporter-output>
          </reporter-output>
        </test-method> <!-- tearDown -->
      </class> <!-- testingauto.Tests -->
    </test> <!-- Command line test -->
  </suite> <!-- testingauto.Tests -->
</testng-results>
