<?xml version="1.0" encoding="UTF-8"?>
<testng-results skipped="0" failed="0" ignored="0" total="2" passed="2">
  <reporter-output>
  </reporter-output>
  <suite name="testingauto.Tests" duration-ms="115824" started-at="2019-03-28T12:46:29Z" finished-at="2019-03-28T12:48:25Z">
    <groups>
    </groups>
    <test name="Command line test" duration-ms="115824" started-at="2019-03-28T12:46:29Z" finished-at="2019-03-28T12:48:25Z">
      <class name="testingauto.Tests">
        <test-method status="PASS" signature="setUp()[pri:0, instance:testingauto.Tests@1324409e]" name="setUp" is-config="true" duration-ms="8779" started-at="2019-03-28T12:46:29Z" finished-at="2019-03-28T12:46:38Z">
          <reporter-output>
          </reporter-output>
        </test-method> <!-- setUp -->
        <test-method status="PASS" signature="correctLogin()[pri:0, instance:testingauto.Tests@1324409e]" name="correctLogin" duration-ms="33330" started-at="2019-03-28T12:46:38Z" finished-at="2019-03-28T12:47:12Z">
          <reporter-output>
          </reporter-output>
        </test-method> <!-- correctLogin -->
        <test-method status="PASS" signature="tearDown(org.testng.ITestResult)[pri:0, instance:testingauto.Tests@1324409e]" name="tearDown" is-config="true" duration-ms="703" started-at="2019-03-28T12:47:12Z" finished-at="2019-03-28T12:47:12Z">
          <params>
            <param index="0">
              <value>
                <![CDATA[[TestResult name=correctLogin status=SUCCESS method=Tests.correctLogin()[pri:0, instance:testingauto.Tests@1324409e] output={null}]]]>
              </value>
            </param>
          </params>
          <reporter-output>
          </reporter-output>
        </test-method> <!-- tearDown -->
        <test-method status="PASS" signature="setUp()[pri:0, instance:testingauto.Tests@1324409e]" name="setUp" is-config="true" duration-ms="5077" started-at="2019-03-28T12:47:12Z" finished-at="2019-03-28T12:47:17Z">
          <reporter-output>
          </reporter-output>
        </test-method> <!-- setUp -->
        <test-method status="PASS" signature="multipleLogin()[pri:0, instance:testingauto.Tests@1324409e]" name="multipleLogin" duration-ms="67738" started-at="2019-03-28T12:47:17Z" finished-at="2019-03-28T12:48:25Z">
          <reporter-output>
          </reporter-output>
        </test-method> <!-- multipleLogin -->
        <test-method status="PASS" signature="tearDown(org.testng.ITestResult)[pri:0, instance:testingauto.Tests@1324409e]" name="tearDown" is-config="true" duration-ms="140" started-at="2019-03-28T12:48:25Z" finished-at="2019-03-28T12:48:25Z">
          <params>
            <param index="0">
              <value>
                <![CDATA[[TestResult name=multipleLogin status=SUCCESS method=Tests.multipleLogin()[pri:0, instance:testingauto.Tests@1324409e] output={null}]]]>
              </value>
            </param>
          </params>
          <reporter-output>
          </reporter-output>
        </test-method> <!-- tearDown -->
      </class> <!-- testingauto.Tests -->
    </test> <!-- Command line test -->
  </suite> <!-- testingauto.Tests -->
</testng-results>
