<?xml version="1.0" encoding="UTF-8"?>
<testng-results skipped="0" failed="0" ignored="0" total="1" passed="1">
  <reporter-output>
  </reporter-output>
  <suite name="testingauto.Tests" duration-ms="81008" started-at="2019-04-03T11:47:14Z" finished-at="2019-04-03T11:48:35Z">
    <groups>
    </groups>
    <test name="Command line test" duration-ms="81008" started-at="2019-04-03T11:47:14Z" finished-at="2019-04-03T11:48:35Z">
      <class name="testingauto.Tests">
        <test-method status="PASS" signature="setUp()[pri:0, instance:testingauto.Tests@1324409e]" name="setUp" is-config="true" duration-ms="15272" started-at="2019-04-03T11:47:15Z" finished-at="2019-04-03T11:47:30Z">
          <reporter-output>
          </reporter-output>
        </test-method> <!-- setUp -->
        <test-method status="PASS" signature="reserveDefaultFlight()[pri:0, instance:testingauto.Tests@1324409e]" name="reserveDefaultFlight" duration-ms="63233" started-at="2019-04-03T11:47:30Z" finished-at="2019-04-03T11:48:33Z">
          <reporter-output>
          </reporter-output>
        </test-method> <!-- reserveDefaultFlight -->
        <test-method status="PASS" signature="tearDown(org.testng.ITestResult)[pri:0, instance:testingauto.Tests@1324409e]" name="tearDown" is-config="true" duration-ms="2408" started-at="2019-04-03T11:48:33Z" finished-at="2019-04-03T11:48:35Z">
          <params>
            <param index="0">
              <value>
                <![CDATA[[TestResult name=reserveDefaultFlight status=SUCCESS method=Tests.reserveDefaultFlight()[pri:0, instance:testingauto.Tests@1324409e] output={null}]]]>
              </value>
            </param>
          </params>
          <reporter-output>
          </reporter-output>
        </test-method> <!-- tearDown -->
      </class> <!-- testingauto.Tests -->
    </test> <!-- Command line test -->
  </suite> <!-- testingauto.Tests -->
</testng-results>
