<?xml version="1.0" encoding="UTF-8"?>
<testng-results skipped="0" failed="0" ignored="0" total="4" passed="4">
  <reporter-output>
  </reporter-output>
  <suite name="testingauto.Tests" duration-ms="228746" started-at="2019-03-22T08:48:51Z" finished-at="2019-03-22T08:52:40Z">
    <groups>
    </groups>
    <test name="Command line test" duration-ms="228746" started-at="2019-03-22T08:48:51Z" finished-at="2019-03-22T08:52:40Z">
      <class name="testingauto.Tests">
        <test-method status="PASS" signature="setUp()[pri:0, instance:testingauto.Tests@3cda1055]" name="setUp" is-config="true" duration-ms="17556" started-at="2019-03-22T08:48:51Z" finished-at="2019-03-22T08:49:09Z">
          <reporter-output>
          </reporter-output>
        </test-method> <!-- setUp -->
        <test-method status="PASS" signature="pruebaCantidadDeCampos()[pri:0, instance:testingauto.Tests@3cda1055]" name="pruebaCantidadDeCampos" duration-ms="85" started-at="2019-03-22T08:49:09Z" finished-at="2019-03-22T08:49:09Z">
          <reporter-output>
          </reporter-output>
        </test-method> <!-- pruebaCantidadDeCampos -->
        <test-method status="PASS" signature="tearDown()[pri:0, instance:testingauto.Tests@3cda1055]" name="tearDown" is-config="true" duration-ms="107" started-at="2019-03-22T08:49:09Z" finished-at="2019-03-22T08:49:09Z">
          <reporter-output>
          </reporter-output>
        </test-method> <!-- tearDown -->
        <test-method status="PASS" signature="setUp()[pri:0, instance:testingauto.Tests@3cda1055]" name="setUp" is-config="true" duration-ms="12870" started-at="2019-03-22T08:49:09Z" finished-at="2019-03-22T08:49:22Z">
          <reporter-output>
          </reporter-output>
        </test-method> <!-- setUp -->
        <test-method status="PASS" signature="pruebaDos()[pri:0, instance:testingauto.Tests@3cda1055]" name="pruebaDos" duration-ms="44480" started-at="2019-03-22T08:49:22Z" finished-at="2019-03-22T08:50:06Z">
          <reporter-output>
          </reporter-output>
        </test-method> <!-- pruebaDos -->
        <test-method status="PASS" signature="tearDown()[pri:0, instance:testingauto.Tests@3cda1055]" name="tearDown" is-config="true" duration-ms="97" started-at="2019-03-22T08:50:06Z" finished-at="2019-03-22T08:50:06Z">
          <reporter-output>
          </reporter-output>
        </test-method> <!-- tearDown -->
        <test-method status="PASS" signature="setUp()[pri:0, instance:testingauto.Tests@3cda1055]" name="setUp" is-config="true" duration-ms="10770" started-at="2019-03-22T08:50:06Z" finished-at="2019-03-22T08:50:17Z">
          <reporter-output>
          </reporter-output>
        </test-method> <!-- setUp -->
        <test-method status="PASS" signature="pruebaTres()[pri:0, instance:testingauto.Tests@3cda1055]" name="pruebaTres" duration-ms="124415" started-at="2019-03-22T08:50:17Z" finished-at="2019-03-22T08:52:21Z">
          <reporter-output>
          </reporter-output>
        </test-method> <!-- pruebaTres -->
        <test-method status="PASS" signature="tearDown()[pri:0, instance:testingauto.Tests@3cda1055]" name="tearDown" is-config="true" duration-ms="92" started-at="2019-03-22T08:52:21Z" finished-at="2019-03-22T08:52:21Z">
          <reporter-output>
          </reporter-output>
        </test-method> <!-- tearDown -->
        <test-method status="PASS" signature="setUp()[pri:0, instance:testingauto.Tests@3cda1055]" name="setUp" is-config="true" duration-ms="16089" started-at="2019-03-22T08:52:21Z" finished-at="2019-03-22T08:52:38Z">
          <reporter-output>
          </reporter-output>
        </test-method> <!-- setUp -->
        <test-method status="PASS" signature="pruebaUno()[pri:0, instance:testingauto.Tests@3cda1055]" name="pruebaUno" duration-ms="2058" started-at="2019-03-22T08:52:38Z" finished-at="2019-03-22T08:52:40Z">
          <reporter-output>
          </reporter-output>
        </test-method> <!-- pruebaUno -->
        <test-method status="PASS" signature="tearDown()[pri:0, instance:testingauto.Tests@3cda1055]" name="tearDown" is-config="true" duration-ms="65" started-at="2019-03-22T08:52:40Z" finished-at="2019-03-22T08:52:40Z">
          <reporter-output>
          </reporter-output>
        </test-method> <!-- tearDown -->
      </class> <!-- testingauto.Tests -->
    </test> <!-- Command line test -->
  </suite> <!-- testingauto.Tests -->
</testng-results>
