<?xml version="1.0" encoding="UTF-8" ?>
<testsuite tests="8" failures="3" name="testingauto.Tests" time="664.261" errors="0" skipped="0">
  <properties>
[...]
</properties>
  <testcase classname="testingauto.Tests" name="correctLogin" time="23.2"/>
  <testcase classname="testingauto.Tests" name="loginEmptyBoth" time="3.012"/>
  <testcase classname="testingauto.Tests" name="loginEmptyPass" time="2.341"/>
  <testcase classname="testingauto.Tests" name="loginEmptyUser" time="2.164"/>
  <testcase classname="testingauto.Tests" name="register" time="283.284"/>
  <testcase classname="testingauto.Tests" name="registerNoConfirmationPwd" time="195.697">
    <failure message="User with: No confirmation password is properly registered expected [false] but found [true]" type="java.lang.AssertionError">java.lang.AssertionError: User with: No confirmation password is properly registered expected [false] but found [true]
	at org.testng.Assert.fail(Assert.java:96)
	at org.testng.Assert.failNotEquals(Assert.java:776)
	at org.testng.Assert.assertFalse(Assert.java:65)
	at assertpage.AssertPages.assertRegister(AssertPages.java:55)
	at testingauto.Tests.registerNoConfirmationPwd(Tests.java:181)
</failure>
    <system-out>Tests/tearDown/TC Num:null
createSheetContent
Nombre hoja: Hoja1
createSheetContent
Nombre hoja: Result
Data/getData
Data/getData/Num Sheets: 2
Get All sheets
Row and cell iterator
5
1 mercury mercury true Flight Finder 
2 user user false Welcome back to 
3 mercury  false Welcome back to 
4  mercury false Welcome back to 
5   false Welcome back to 
Register
</system-out>
    <system-err>Starting ChromeDriver 2.44.609538 (b655c5a60b0b544917107a59d4153d4bf78e1b90) on port 9481
Only local connections are allowed.
abr 02, 2019 2:42:56 PM org.openqa.selenium.remote.ProtocolHandshake createSession
INFORMACIÓN: Detected dialect: OSS
</system-err>
  </testcase>
  <testcase classname="testingauto.Tests" name="registerNoPwd" time="25.259">
    <failure message="User with: No password is properly registered expected [false] but found [true]" type="java.lang.AssertionError">java.lang.AssertionError: User with: No password is properly registered expected [false] but found [true]
	at org.testng.Assert.fail(Assert.java:96)
	at org.testng.Assert.failNotEquals(Assert.java:776)
	at org.testng.Assert.assertFalse(Assert.java:65)
	at assertpage.AssertPages.assertRegister(AssertPages.java:55)
	at testingauto.Tests.registerNoPwd(Tests.java:164)
</failure>
    <system-out>Creando captura
registerNoConfirmationPwd
Tests/tearDown/TC Num:null
createSheetContent
Nombre hoja: Hoja1
createSheetContent
Nombre hoja: Result
Data/getData
Data/getData/Num Sheets: 2
Get All sheets
Row and cell iterator
5
1 mercury mercury true Flight Finder 
2 user user false Welcome back to 
3 mercury  false Welcome back to 
4  mercury false Welcome back to 
5   false Welcome back to 
Register
</system-out>
    <system-err>Starting ChromeDriver 2.44.609538 (b655c5a60b0b544917107a59d4153d4bf78e1b90) on port 2256
Only local connections are allowed.
abr 02, 2019 2:46:22 PM org.openqa.selenium.remote.ProtocolHandshake createSession
INFORMACIÓN: Detected dialect: OSS
</system-err>
  </testcase>
  <testcase classname="testingauto.Tests" name="registerNoUser" time="129.304">
    <failure message="User with: No username is properly registered expected [false] but found [true]" type="java.lang.AssertionError">java.lang.AssertionError: User with: No username is properly registered expected [false] but found [true]
	at org.testng.Assert.fail(Assert.java:96)
	at org.testng.Assert.failNotEquals(Assert.java:776)
	at org.testng.Assert.assertFalse(Assert.java:65)
	at assertpage.AssertPages.assertRegister(AssertPages.java:55)
	at testingauto.Tests.registerNoUser(Tests.java:145)
</failure>
    <system-out>Creando captura
registerNoPwd
Tests/tearDown/TC Num:null
createSheetContent
Nombre hoja: Hoja1
createSheetContent
Nombre hoja: Result
Data/getData
Data/getData/Num Sheets: 2
Get All sheets
Row and cell iterator
5
1 mercury mercury true Flight Finder 
2 user user false Welcome back to 
3 mercury  false Welcome back to 
4  mercury false Welcome back to 
5   false Welcome back to 
Register
</system-out>
    <system-err>Starting ChromeDriver 2.44.609538 (b655c5a60b0b544917107a59d4153d4bf78e1b90) on port 16055
Only local connections are allowed.
abr 02, 2019 2:47:01 PM org.openqa.selenium.remote.ProtocolHandshake createSession
INFORMACIÓN: Detected dialect: OSS
</system-err>
  </testcase>
</testsuite>