<?xml version="1.0" encoding="UTF-8"?>
<testng-results skipped="0" failed="0" ignored="0" total="1" passed="1">
  <reporter-output>
  </reporter-output>
  <suite name="testingauto.Tests" duration-ms="45718" started-at="2019-03-26T07:43:26Z" finished-at="2019-03-26T07:44:12Z">
    <groups>
    </groups>
    <test name="Command line test" duration-ms="45718" started-at="2019-03-26T07:43:26Z" finished-at="2019-03-26T07:44:12Z">
      <class name="testingauto.Tests">
        <test-method status="PASS" signature="setUp()[pri:0, instance:testingauto.Tests@3cda1055]" name="setUp" is-config="true" duration-ms="22188" started-at="2019-03-26T07:43:26Z" finished-at="2019-03-26T07:43:48Z">
          <reporter-output>
          </reporter-output>
        </test-method> <!-- setUp -->
        <test-method status="PASS" signature="correctLogin()[pri:0, instance:testingauto.Tests@3cda1055]" name="correctLogin" duration-ms="23206" started-at="2019-03-26T07:43:48Z" finished-at="2019-03-26T07:44:11Z">
          <reporter-output>
          </reporter-output>
        </test-method> <!-- correctLogin -->
        <test-method status="PASS" signature="tearDown(org.testng.ITestResult)[pri:0, instance:testingauto.Tests@3cda1055]" name="tearDown" is-config="true" duration-ms="262" started-at="2019-03-26T07:44:11Z" finished-at="2019-03-26T07:44:12Z">
          <params>
            <param index="0">
              <value>
                <![CDATA[[TestResult name=correctLogin status=SUCCESS method=Tests.correctLogin()[pri:0, instance:testingauto.Tests@3cda1055] output={null}]]]>
              </value>
            </param>
          </params>
          <reporter-output>
          </reporter-output>
        </test-method> <!-- tearDown -->
      </class> <!-- testingauto.Tests -->
    </test> <!-- Command line test -->
  </suite> <!-- testingauto.Tests -->
</testng-results>
