<?xml version="1.0" encoding="UTF-8"?>
<testng-results skipped="0" failed="0" ignored="0" total="1" passed="1">
  <reporter-output>
  </reporter-output>
  <suite name="testingauto.Tests" duration-ms="91451" started-at="2019-03-27T13:59:03Z" finished-at="2019-03-27T14:00:35Z">
    <groups>
    </groups>
    <test name="Command line test" duration-ms="91451" started-at="2019-03-27T13:59:03Z" finished-at="2019-03-27T14:00:35Z">
      <class name="testingauto.Tests">
        <test-method status="PASS" signature="setUp()[pri:0, instance:testingauto.Tests@1324409e]" name="setUp" is-config="true" duration-ms="12676" started-at="2019-03-27T13:59:03Z" finished-at="2019-03-27T13:59:16Z">
          <reporter-output>
          </reporter-output>
        </test-method> <!-- setUp -->
        <test-method status="PASS" signature="multipleLogin()[pri:0, instance:testingauto.Tests@1324409e]" name="multipleLogin" duration-ms="77199" started-at="2019-03-27T13:59:16Z" finished-at="2019-03-27T14:00:33Z">
          <reporter-output>
          </reporter-output>
        </test-method> <!-- multipleLogin -->
        <test-method status="PASS" signature="tearDown(org.testng.ITestResult)[pri:0, instance:testingauto.Tests@1324409e]" name="tearDown" is-config="true" duration-ms="1420" started-at="2019-03-27T14:00:33Z" finished-at="2019-03-27T14:00:34Z">
          <params>
            <param index="0">
              <value>
                <![CDATA[[TestResult name=multipleLogin status=SUCCESS method=Tests.multipleLogin()[pri:0, instance:testingauto.Tests@1324409e] output={null}]]]>
              </value>
            </param>
          </params>
          <reporter-output>
          </reporter-output>
        </test-method> <!-- tearDown -->
      </class> <!-- testingauto.Tests -->
    </test> <!-- Command line test -->
  </suite> <!-- testingauto.Tests -->
</testng-results>
