<?xml version="1.0" encoding="UTF-8"?>
<!-- Generated by org.testng.reporters.JUnitXMLReporter -->
<testsuite hostname="Lab3" ignored="0" name="Command line test" tests="8" failures="3" timestamp="02 abr 2019 12:49:18 GMT" time="768.576" errors="0">
  <testcase name="correctLogin" time="23.2" classname="testingauto.Tests"/>
  <testcase name="loginEmptyBoth" time="3.013" classname="testingauto.Tests"/>
  <testcase name="loginEmptyPass" time="2.341" classname="testingauto.Tests"/>
  <testcase name="loginEmptyUser" time="2.164" classname="testingauto.Tests"/>
  <testcase name="register" time="283.284" classname="testingauto.Tests"/>
  <testcase name="registerNoConfirmationPwd" time="195.609" classname="testingauto.Tests">
    <failure type="java.lang.AssertionError" message="User with: No confirmation password is properly registered expected [false] but found [true]">
      <![CDATA[java.lang.AssertionError: User with: No confirmation password is properly registered expected [false] but found [true]
at assertpage.AssertPages.assertRegister(AssertPages.java:55)
at testingauto.Tests.registerNoConfirmationPwd(Tests.java:181)
... Removed 37 stack frames]]>
    </failure>
  </testcase> <!-- registerNoConfirmationPwd -->
  <testcase name="registerNoPwd" time="25.261" classname="testingauto.Tests">
    <failure type="java.lang.AssertionError" message="User with: No password is properly registered expected [false] but found [true]">
      <![CDATA[java.lang.AssertionError: User with: No password is properly registered expected [false] but found [true]
at assertpage.AssertPages.assertRegister(AssertPages.java:55)
at testingauto.Tests.registerNoPwd(Tests.java:164)
... Removed 37 stack frames]]>
    </failure>
  </testcase> <!-- registerNoPwd -->
  <testcase name="registerNoUser" time="129.304" classname="testingauto.Tests">
    <failure type="java.lang.AssertionError" message="User with: No username is properly registered expected [false] but found [true]">
      <![CDATA[java.lang.AssertionError: User with: No username is properly registered expected [false] but found [true]
at assertpage.AssertPages.assertRegister(AssertPages.java:55)
at testingauto.Tests.registerNoUser(Tests.java:145)
... Removed 37 stack frames]]>
    </failure>
  </testcase> <!-- registerNoUser -->
</testsuite> <!-- Command line test -->
